1_800466_ACACGAC_L001_R1_001	2_800466_ACACGAC_L001_R1_001	Concordance	SNPS	1	.395	2977	9517
1_800466_ACACGAC_L001_R1_001	2_800466_ACACGAC_L001_R1_001	Concordance	INS	1	.409	3111	10159
1_800466_ACACGAC_L001_R1_001	2_800466_ACACGAC_L001_R1_001	Concordance	DEL	1	.419	3178	10277
1_800466_ACACGAC_L001_R1_001	2_800466_ACACGAC_L001_R1_001	Concordance	INS	2	.701	134	642
1_800466_ACACGAC_L001_R1_001	2_800466_ACACGAC_L001_R1_001	Concordance	DEL	2	.746	201	760
1_800466_ACACGAC_L001_R1_001	2_800466_ACACGAC_L001_R1_001	Concordance	INS	3	.776	76	297
1_800466_ACACGAC_L001_R1_001	2_800466_ACACGAC_L001_R1_001	Concordance	DEL	3	.731	97	373
1_800466_ACACGAC_L001_R1_001	2_800466_ACACGAC_L001_R1_001	Concordance	INS	4	.763	55	208
1_800466_ACACGAC_L001_R1_001	2_800466_ACACGAC_L001_R1_001	Concordance	DEL	4	.803	56	225
1_800466_ACACGAC_L001_R1_001	2_800466_ACACGAC_L001_R1_001	Concordance	INS	5	.717	39	142
1_800466_ACACGAC_L001_R1_001	2_800466_ACACGAC_L001_R1_001	Concordance	DEL	5	.756	37	162
1_800466_ACACGAC_L001_R1_001	2_800466_ACACGAC_L001_R1_001	Concordance	INS	6	.758	29	104
1_800466_ACACGAC_L001_R1_001	2_800466_ACACGAC_L001_R1_001	Concordance	DEL	6	.724	29	110
1_800466_ACACGAC_L001_R1_001	2_800466_ACACGAC_L001_R1_001	Concordance	INS	7	.769	26	90
1_800466_ACACGAC_L001_R1_001	2_800466_ACACGAC_L001_R1_001	Concordance	DEL	7	.750	24	103
1_800466_ACACGAC_L001_R1_001	2_800466_ACACGAC_L001_R1_001	Concordance	INS	8	.600	15	54
1_800466_ACACGAC_L001_R1_001	2_800466_ACACGAC_L001_R1_001	Concordance	DEL	8	.800	20	78
1_800466_ACACGAC_L001_R1_001	2_800466_ACACGAC_L001_R1_001	Concordance	INS	9	.642	14	49
1_800466_ACACGAC_L001_R1_001	2_800466_ACACGAC_L001_R1_001	Concordance	DEL	9	.800	20	73
1_800466_ACACGAC_L001_R1_001	2_800466_ACACGAC_L001_R1_001	Concordance	INS	10	.800	10	40
1_800466_ACACGAC_L001_R1_001	2_800466_ACACGAC_L001_R1_001	Concordance	DEL	10	.846	13	61
1_800466_ACACGAC_L001_R1_001	2_800466_ACACGAC_L001_R1_001	Concordance	INS	11	.750	4	23
1_800466_ACACGAC_L001_R1_001	2_800466_ACACGAC_L001_R1_001	Concordance	DEL	11	.833	12	50
1_800466_ACACGAC_L001_R1_001	2_800466_ACACGAC_L001_R1_001	Concordance	INS	12	1.000	3	18
1_800466_ACACGAC_L001_R1_001	2_800466_ACACGAC_L001_R1_001	Concordance	DEL	12	.875	8	39
1_800466_ACACGAC_L001_R1_001	2_800466_ACACGAC_L001_R1_001	Concordance	INS	13	1.000	3	16
1_800466_ACACGAC_L001_R1_001	2_800466_ACACGAC_L001_R1_001	Concordance	DEL	13	.875	8	33
1_800466_ACACGAC_L001_R1_001	2_800466_ACACGAC_L001_R1_001	Concordance	INS	14	1.000	1	7
1_800466_ACACGAC_L001_R1_001	2_800466_ACACGAC_L001_R1_001	Concordance	DEL	14	1.000	4	20
1_800466_ACACGAC_L001_R1_001	2_800466_ACACGAC_L001_R1_001	Concordance	INS	15	.	0	6
1_800466_ACACGAC_L001_R1_001	2_800466_ACACGAC_L001_R1_001	Concordance	DEL	15	1.000	3	17
1_800466_ACACGAC_L001_R1_001	2_800466_ACACGAC_L001_R1_001	Concordance	INS	16	.	0	5
1_800466_ACACGAC_L001_R1_001	2_800466_ACACGAC_L001_R1_001	Concordance	DEL	16	1.000	2	13
1_800466_ACACGAC_L001_R1_001	2_800466_ACACGAC_L001_R1_001	Concordance	INS	17	.	0	2
1_800466_ACACGAC_L001_R1_001	2_800466_ACACGAC_L001_R1_001	Concordance	DEL	17	1.000	1	11
1_800466_ACACGAC_L001_R1_001	2_800466_ACACGAC_L001_R1_001	Concordance	INS	18	.	0	2
1_800466_ACACGAC_L001_R1_001	2_800466_ACACGAC_L001_R1_001	Concordance	DEL	18	.	0	7
1_800466_ACACGAC_L001_R1_001	2_800466_ACACGAC_L001_R1_001	Concordance	INS	19	.	0	1
1_800466_ACACGAC_L001_R1_001	2_800466_ACACGAC_L001_R1_001	Concordance	DEL	19	.	0	7
1_800466_ACACGAC_L001_R1_001	2_800466_ACACGAC_L001_R1_001	Concordance	INS	20	.	0	0
1_800466_ACACGAC_L001_R1_001	2_800466_ACACGAC_L001_R1_001	Concordance	DEL	20	.	0	6
1_800466_ACACGAC_L001_R1_001	2_800466_ACACGAC_L001_R1_001	Concordance	INS	21	.	0	0
1_800466_ACACGAC_L001_R1_001	2_800466_ACACGAC_L001_R1_001	Concordance	DEL	21	.	0	6
1_800466_ACACGAC_L001_R1_001	2_800466_ACACGAC_L001_R1_001	Concordance	INS	22	.	0	0
1_800466_ACACGAC_L001_R1_001	2_800466_ACACGAC_L001_R1_001	Concordance	DEL	22	.	0	4
1_800466_ACACGAC_L001_R1_001	2_800466_ACACGAC_L001_R1_001	Concordance	INS	23	.	0	0
1_800466_ACACGAC_L001_R1_001	2_800466_ACACGAC_L001_R1_001	Concordance	DEL	23	.	0	4
1_800466_ACACGAC_L001_R1_001	2_800466_ACACGAC_L001_R1_001	Concordance	INS	24	.	0	0
1_800466_ACACGAC_L001_R1_001	2_800466_ACACGAC_L001_R1_001	Concordance	DEL	24	.	0	2
1_800466_ACACGAC_L001_R1_001	2_800466_ACACGAC_L001_R1_001	Concordance	INS	25	.	0	0
1_800466_ACACGAC_L001_R1_001	2_800466_ACACGAC_L001_R1_001	Concordance	DEL	25	.	0	2
1_800466_ACACGAC_L001_R1_001	2_800466_ACACGAC_L001_R1_001	Concordance	INS	26	.	0	0
1_800466_ACACGAC_L001_R1_001	2_800466_ACACGAC_L001_R1_001	Concordance	DEL	26	.	0	0
1_800466_ACACGAC_L001_R1_001	2_800466_ACACGAC_L001_R1_001	Concordance	INS	27	.	0	0
1_800466_ACACGAC_L001_R1_001	2_800466_ACACGAC_L001_R1_001	Concordance	DEL	27	.	0	0
1_800466_ACACGAC_L001_R1_001	2_800466_ACACGAC_L001_R1_001	Concordance	INS	28	.	0	0
1_800466_ACACGAC_L001_R1_001	2_800466_ACACGAC_L001_R1_001	Concordance	DEL	28	.	0	0
1_800466_ACACGAC_L001_R1_001	2_800466_ACACGAC_L001_R1_001	Concordance	INS	29	.	0	0
1_800466_ACACGAC_L001_R1_001	2_800466_ACACGAC_L001_R1_001	Concordance	DEL	29	.	0	0
1_800466_ACACGAC_L001_R1_001	2_800466_ACACGAC_L001_R1_001	Concordance	INS	30	.	0	0
1_800466_ACACGAC_L001_R1_001	2_800466_ACACGAC_L001_R1_001	Concordance	DEL	30	.	0	0
