1_800466_ACACGAC_L001_R1_001	2_800466_ACACGAC_L001_R1_001	Concordance	SNPS	1	1.000	14	14
1_800466_ACACGAC_L001_R1_001	2_800466_ACACGAC_L001_R1_001	Concordance	INS	1	1.000	14	14
1_800466_ACACGAC_L001_R1_001	2_800466_ACACGAC_L001_R1_001	Concordance	DEL	1	1.000	14	14
1_800466_ACACGAC_L001_R1_001	2_800466_ACACGAC_L001_R1_001	Concordance	INS	2	.	0	0
1_800466_ACACGAC_L001_R1_001	2_800466_ACACGAC_L001_R1_001	Concordance	DEL	2	.	0	0
1_800466_ACACGAC_L001_R1_001	2_800466_ACACGAC_L001_R1_001	Concordance	INS	3	.	0	0
1_800466_ACACGAC_L001_R1_001	2_800466_ACACGAC_L001_R1_001	Concordance	DEL	3	.	0	0
1_800466_ACACGAC_L001_R1_001	2_800466_ACACGAC_L001_R1_001	Concordance	INS	4	.	0	0
1_800466_ACACGAC_L001_R1_001	2_800466_ACACGAC_L001_R1_001	Concordance	DEL	4	.	0	0
1_800466_ACACGAC_L001_R1_001	2_800466_ACACGAC_L001_R1_001	Concordance	INS	5	.	0	0
1_800466_ACACGAC_L001_R1_001	2_800466_ACACGAC_L001_R1_001	Concordance	DEL	5	.	0	0
1_800466_ACACGAC_L001_R1_001	2_800466_ACACGAC_L001_R1_001	Concordance	INS	6	.	0	0
1_800466_ACACGAC_L001_R1_001	2_800466_ACACGAC_L001_R1_001	Concordance	DEL	6	.	0	0
1_800466_ACACGAC_L001_R1_001	2_800466_ACACGAC_L001_R1_001	Concordance	INS	7	.	0	0
1_800466_ACACGAC_L001_R1_001	2_800466_ACACGAC_L001_R1_001	Concordance	DEL	7	.	0	0
1_800466_ACACGAC_L001_R1_001	2_800466_ACACGAC_L001_R1_001	Concordance	INS	8	.	0	0
1_800466_ACACGAC_L001_R1_001	2_800466_ACACGAC_L001_R1_001	Concordance	DEL	8	.	0	0
1_800466_ACACGAC_L001_R1_001	2_800466_ACACGAC_L001_R1_001	Concordance	INS	9	.	0	0
1_800466_ACACGAC_L001_R1_001	2_800466_ACACGAC_L001_R1_001	Concordance	DEL	9	.	0	0
1_800466_ACACGAC_L001_R1_001	2_800466_ACACGAC_L001_R1_001	Concordance	INS	10	.	0	0
1_800466_ACACGAC_L001_R1_001	2_800466_ACACGAC_L001_R1_001	Concordance	DEL	10	.	0	0
1_800466_ACACGAC_L001_R1_001	2_800466_ACACGAC_L001_R1_001	Concordance	INS	11	.	0	0
1_800466_ACACGAC_L001_R1_001	2_800466_ACACGAC_L001_R1_001	Concordance	DEL	11	.	0	0
1_800466_ACACGAC_L001_R1_001	2_800466_ACACGAC_L001_R1_001	Concordance	INS	12	.	0	0
1_800466_ACACGAC_L001_R1_001	2_800466_ACACGAC_L001_R1_001	Concordance	DEL	12	.	0	0
1_800466_ACACGAC_L001_R1_001	2_800466_ACACGAC_L001_R1_001	Concordance	INS	13	.	0	0
1_800466_ACACGAC_L001_R1_001	2_800466_ACACGAC_L001_R1_001	Concordance	DEL	13	.	0	0
1_800466_ACACGAC_L001_R1_001	2_800466_ACACGAC_L001_R1_001	Concordance	INS	14	.	0	0
1_800466_ACACGAC_L001_R1_001	2_800466_ACACGAC_L001_R1_001	Concordance	DEL	14	.	0	0
1_800466_ACACGAC_L001_R1_001	2_800466_ACACGAC_L001_R1_001	Concordance	INS	15	.	0	0
1_800466_ACACGAC_L001_R1_001	2_800466_ACACGAC_L001_R1_001	Concordance	DEL	15	.	0	0
1_800466_ACACGAC_L001_R1_001	2_800466_ACACGAC_L001_R1_001	Concordance	INS	16	.	0	0
1_800466_ACACGAC_L001_R1_001	2_800466_ACACGAC_L001_R1_001	Concordance	DEL	16	.	0	0
1_800466_ACACGAC_L001_R1_001	2_800466_ACACGAC_L001_R1_001	Concordance	INS	17	.	0	0
1_800466_ACACGAC_L001_R1_001	2_800466_ACACGAC_L001_R1_001	Concordance	DEL	17	.	0	0
1_800466_ACACGAC_L001_R1_001	2_800466_ACACGAC_L001_R1_001	Concordance	INS	18	.	0	0
1_800466_ACACGAC_L001_R1_001	2_800466_ACACGAC_L001_R1_001	Concordance	DEL	18	.	0	0
1_800466_ACACGAC_L001_R1_001	2_800466_ACACGAC_L001_R1_001	Concordance	INS	19	.	0	0
1_800466_ACACGAC_L001_R1_001	2_800466_ACACGAC_L001_R1_001	Concordance	DEL	19	.	0	0
1_800466_ACACGAC_L001_R1_001	2_800466_ACACGAC_L001_R1_001	Concordance	INS	20	.	0	0
1_800466_ACACGAC_L001_R1_001	2_800466_ACACGAC_L001_R1_001	Concordance	DEL	20	.	0	0
1_800466_ACACGAC_L001_R1_001	2_800466_ACACGAC_L001_R1_001	Concordance	INS	21	.	0	0
1_800466_ACACGAC_L001_R1_001	2_800466_ACACGAC_L001_R1_001	Concordance	DEL	21	.	0	0
1_800466_ACACGAC_L001_R1_001	2_800466_ACACGAC_L001_R1_001	Concordance	INS	22	.	0	0
1_800466_ACACGAC_L001_R1_001	2_800466_ACACGAC_L001_R1_001	Concordance	DEL	22	.	0	0
1_800466_ACACGAC_L001_R1_001	2_800466_ACACGAC_L001_R1_001	Concordance	INS	23	.	0	0
1_800466_ACACGAC_L001_R1_001	2_800466_ACACGAC_L001_R1_001	Concordance	DEL	23	.	0	0
1_800466_ACACGAC_L001_R1_001	2_800466_ACACGAC_L001_R1_001	Concordance	INS	24	.	0	0
1_800466_ACACGAC_L001_R1_001	2_800466_ACACGAC_L001_R1_001	Concordance	DEL	24	.	0	0
1_800466_ACACGAC_L001_R1_001	2_800466_ACACGAC_L001_R1_001	Concordance	INS	25	.	0	0
1_800466_ACACGAC_L001_R1_001	2_800466_ACACGAC_L001_R1_001	Concordance	DEL	25	.	0	0
1_800466_ACACGAC_L001_R1_001	2_800466_ACACGAC_L001_R1_001	Concordance	INS	26	.	0	0
1_800466_ACACGAC_L001_R1_001	2_800466_ACACGAC_L001_R1_001	Concordance	DEL	26	.	0	0
1_800466_ACACGAC_L001_R1_001	2_800466_ACACGAC_L001_R1_001	Concordance	INS	27	.	0	0
1_800466_ACACGAC_L001_R1_001	2_800466_ACACGAC_L001_R1_001	Concordance	DEL	27	.	0	0
1_800466_ACACGAC_L001_R1_001	2_800466_ACACGAC_L001_R1_001	Concordance	INS	28	.	0	0
1_800466_ACACGAC_L001_R1_001	2_800466_ACACGAC_L001_R1_001	Concordance	DEL	28	.	0	0
1_800466_ACACGAC_L001_R1_001	2_800466_ACACGAC_L001_R1_001	Concordance	INS	29	.	0	0
1_800466_ACACGAC_L001_R1_001	2_800466_ACACGAC_L001_R1_001	Concordance	DEL	29	.	0	0
1_800466_ACACGAC_L001_R1_001	2_800466_ACACGAC_L001_R1_001	Concordance	INS	30	.	0	0
1_800466_ACACGAC_L001_R1_001	2_800466_ACACGAC_L001_R1_001	Concordance	DEL	30	.	0	0
